[    0.000000] Linux version4.15.0-7-generic (buildd@lcy01-amd64-026) (gcc version 7.4.0 (Ubuntu7.4.0-1ubuntu1~18.04.1)) #81-Ubuntu SMP Tue Nov 26 1:20:02 UTC 2019 (Ubuntu .15.0-72.81-generic 4.15.18)
[    0.000000] Command line: BOOT_IMAGE=/boot/vmlinuz-4.15.0-72-generic root=LABEL=cloudimg-rootfs ro console=tty1 console=ttyS0
[    0.000000] KERNEL supported cpus:
[    0.000000]   Intel GenuineIntel
[    0.000000]   AMD AuthenticAMD
[    0.000000]   Centaur CentaurHauls
[    0.000000] x86/fu: Supporting XSAVE feature 0x001: 'x87 floating point registers'
[    0.000000] x86/fpu: Supporting XSAVE feature 0x002: 'SSE registers'
[    0.000000] x86/fpu: Supporting XSAVE feature 0x004: 'AVX registers'
[    0.000000] x86/fpu: xstate_offset[2]:  576, xstate_sizes[2]:  256
[    0.000000] x86/fpu: Enabled xstate features 0x7, context size is 832 bytes, using 'standard' format.
[    0.000000] e820: BIOS-provided physical RAM map:
[    0.000000] BIOS-e820: [mem 0x0000000000000000-0x00000000009fbff] usable
[    0.000000] BIOS-e820: [mem 0x000000000009fc00-0x000000000009ffff] reserved
[    0.000000] BIOS-e820: [mem 0x00000000000f0000-0x00000000000fffff] reserved
[    0.000000] BIOS-e820: [mem 0x0000000000100000-0x00000000dffeffff] usable
[    0.000000] BIOS-e820: [mem 0x00000000dfff0000-0x00000000dfffffff] ACPI data
[    0.000000] BIOS-e820: [mem 0x00000000fec00000-0x00000000fec00fff] reserved
[    0.000000] BIOS-e820: [mem 0x00000000fee00000-0x00000000fee00fff] reserved
[    0.000000] BIOS-e820: [mem 0x00000000fffc0000-0x00000000ffffffff resrved
[    0.000000] BIOS-e820: [mem 0x0000000100000000-0x000000029fffffff] usable
[    0.000000] NX (Execute Disable) protection: active
[    0.000000] SMBIOS 2.5 present.
[    0.000000] DMI: innotek GmbH VirtualBox/VirtualBox, BIOS VirtualBox 12/01/2006
[    0.000000] Hypervisor detected: KVM
[    0.00000] e820: last_pfn = 0x2a0000 max_arch_pfn = 0x400000000
[    0.000000] MTRR: Disabled
[    0.000000] x86/PAT: MTRs disabled, skipping PAT initialization too.
[    0.000000] CPU MTRRs all blank - virtualized system.
[    0.000000] x86/PAT Configuraton [0-7]: W  WT  UC- UC  WB  WT  UC- UC  
[    0.000000] e820: last_pfn = 0xdfff0 max_arch_pfn = 0x400000000
[    0.000000] found SMP MP-table at [mem 0x0009fff0-0x0009ffff]
[    0.000000] Scanning 1 areas for low memory corruption
[    0.000000] RAMDISK: [mem 0x35a71000-0x36d2ffff]
[    0.000000] ACPI: Early table cheksum verification disabled
[    0.000000] ACPI: RSDP 0x00000000000E000 000024 (v02 VBOX  )
[    0.000000] ACPI: XSDT 0x00000000DFFF0030 00003C (v01 VBOX   VBOXXSDT 00000001 ASL  00000061)
[    0.000000] ACPI: FACP 0x00000000DFFF00F0 0000F4 (v04 VBOX   VBOXFACP 00000001 ASL  00000061)
[    0.000000] ACPI: DSDT 0x00000000DFFF0480 0021FF (v02 VBOX   VBOXBIOS00000002 INTL 20100528)
[    0.000000] ACPI: FACS 0x00000000DFFF0200 000040
[    0.000000] ACPI: FACS 0x00000000DFFF0200 000040
[    0.000000] ACPI: APIC 0x00000000DFFF0240 00006C (v02 VBOX   VBOXAPIC 00000001 ASL  00000061)
[    0.000000] ACPI: SSDT 0x00000000DFFF02B0 0001CC (v01 VBOX   VBOXCPUT 00000002 INTL 20100528)
[    0.000000] No NUMA configuration found
[    0.000000] Faking a node at [mem 0x0000000000000000-0x000000029fffffff]
[    0.000000] NODE_DATA(0) allocated [mem 0x29ffd1000-0x29fffbfff]
[    0.000000] kvm-clock: cpu 0, msr 2:9ff50001, primary cpu clock
[    0.000000] kvm-clock: Using msrs 4b564d01 and 4564d00
[    0.00000] kvm-clock: using sched offst of 4660814455 cycles
[    0.000000] clocksource: kvm-clock: mask: 0xfffffffffffffff max_cycles: 0x1cd42e4dffb, max_idle_ns: 881590591483 ns
[    0.000000] Zone ranges:
[    0.000000]   DMA      [mem 0x0000000000001000-0x0000000000ffffff]
[    0.000000]   DMA32    [mem 0x0000000001000000-0x00000000ffffffff]
[    0.000000]   Norml   [mem 0x000000100000000-0x000000029fffffff]
[    0.000000]   Device   empty
[    0.000000] Movable zone start for each node
[    0.000000] arly memory node ranges
[    0.000000]   node   0: [mem 0x0000000000001000-0x000000000009efff]
[   0.000000]   node   0: [mem 0x0000000000100000-0x00000000dffeffff]
[    0.00000]   node   0: [mem 0x0000000100000000-0x000000029fffffff]
[    .000000] Reserved but unavailabl: 98 pages
[   0.000000] Initmem setup node 0 [mem 0x0000000000001000-0x000000029fffffff]
[    0.000000] CPI: PM-mer IO Port: 0x4008
[    0.000000] IOAPIC[0]: apic_id 4, version 32, address 0xfec00000, GSI 0-23
[    0.000000] ACPI: INT_SRC_OVR (bus 0 bus_irq 0 global_irq 2 dfl dfl)
[    .000000] ACPI: INT_SRC_OVR (bus 0 bus_irq 9global_irq 9 low level)
[    0.000000] Using ACPI (MADT) for SMP configuration information
[    0.000000] smpboot: Allowing 4 CPUs, 0 hotplug CPUs
[    0.000000] PM: Regitered nosave memory: [mem 0x00000000-0x00000fff]
[    0.000000] PM: Registered nosave memory: [mem 0x0009f000-0x0009ffff]
[    0.000000] PM: Registered nosave memory: [mem 0x000a0000-0x000effff]
[    0.000000] PM: Registered nosave memory: [mem 0x000f0000-0x000fffff]
[    0.000000] PM: Registered nosave memory: [mem 0xdfff0000-0xdfffffff]
[    0.000000] PM: Registered nosave memory: [mem 0xe0000000-0xfebfffff]
[    0.000000] PM: Registered nosave memory: [mem 0xfec00000-0xfec00fff]
[    0.000000] PM: Registered nosave memory: [mem 0xfec01000-0xfedfffff]
[    0.000000] PM: Registered nosavememory: [mem 0xfee00000-0xfee00fff]
[    0.000000] PM: Registered nosave memory: [mem 0xfee01000-0xfffbffff]
[    0.000000] PM: Registered nosave memory: [mem 0xfffc0000-0xffffffff]
[    0.000000] e820: [mem 0xe0000000-0xfebfffff] available for PCI devices
[    0.000000] Booting paravirtualized kernel on KVM
[    0.000000] clocksource: refined-jiffies: mask: 0xffffffff max_cycles: 0xffffffff, max_idle_ns: 7645519600211568 ns
[    0.000000] random: get_random_bytes called from start_kernel+0x99/0x4fd wit crng_init=0
[    0.000000] setup_ercpu: NR_CPUS:8192 nr_cpumask_bits:4 nr_cpu_ids:4 nr_node_ids:1
[    0.000000] percpu: Embedded 45 pages/cpu s147456 r8192 d2867 u524288
[    0.000000] PV qspinlock hash table entries: 256 (order: 0, 4096 bytes)
[    0.000000] Built 1 zonelists, mobility grouping on.  Total pages: 2580345
[    0.000000] Policy zone: Normal
[    0.000000] Kernel command line: BOOT_IMAGE=/boot/vmlinuz-4.15.0-72-generic root=LABEL=cloudimg-rootfs ro console=tty1 console=ttyS0
[    0.000000] Memory: 020600/1048530K availale (12300K kernel code, 2481K rwdata, 4264K rodata, 2428K init, 2388K bss, 278504K reserved, 0K cma-reserved)
[    0.000000] SLUB: HWalign=64, rder=0-3, MiObjects=0, CPUs=4, Nodes=1
[    0.000000] Kernel/User page tables isolation: enabled
[    0.000000] ftrace: allocating 39318 enties in 154 pages
[    0.004000] Hierarchical RCU implementation.
[    0.004000] 	RU restricting CPUs from NR_CPUS=8192 to nr_cpu_ids=4.
[    0.0400] 	Tasks RC enabled.
[    0.004000] RCU: Adjusting geometry for rcu_fanout_leaf=16, nr_cpu_ids=4
[    0.004000] NR_IRQS: 524544, nr_irqs: 456, preallocated irqs: 16
[    0.004000] Console: colour VGA+ 80x25
[    0.004000] console [tty1] enabled
[    0.004000] console [ttyS0] enabled
[   0.004000] ACPI: Core revision 20170831
[    0.004000] ACPI: 2 ACPI AML tables sucessfully acquired and loaded
[    0.004000] APIC: Switch to symmetric IO mode setup
[    0.004366] x2apic enabled
[    0.008008] Switched APIC routing to physical x2apic.
[    0.013757] ..TIMER: vector=0x30 apic1=0 pin1=2 apic2=-1 pin2=-1
[    0.016006] tsc: Detected 2294.690 MHz processor
[    0.016851] Calibrating delay loop (skipped) preset value.. 4589.38 BogoMIPS (lpj=9178760)
[    0.020006] pid_max: default: 32768 minimum: 301
[    0.024046] Security Framework initialized
[    0.028009] Yama: becoming mindful.
[    0.028719] AppArmor: AppArmor initialized
[    0.068382] Dentry cache hash table entries: 2097152 (order: 12, 16777216 bytes)
[    0.088300] Inode-cache hash table entries: 1048576 (order: 11, 8388608 bytes)
[    0.092076] Mount-cache hash table entries: 32768 (order: 6, 262144 bytes)
[    0.096054] Mountpoint-cache hash table entries: 32768 (order: 6, 262144 bytes)
[    0.104371] Last level iTLB entries: 4KB 64, 2MB 8, 4MB 8
[    0.108011] Last level dTLB entries: 4KB 64, 2MB 0, 4MB 0, 1GB 4
[    0.112008] Spectre V1 : Mitigation: usercopy/swapgs barriers and __user pointer sanitization
[    0.116010] Spectre V2 : Mitigation: Full generic retpoline
[    0.120012] Spectre V2 : Spectre v2 / SpectreRSB mitigation: Filling RSB on context switch
[    0.124011] Speculative Store Bypass: Vulnerable
[    0.128069] MDS: Vulnerable: Clear CPU buffers attempted, no microcode
[    0.132292] Freeing SMP alternatives memory: 36K
[    0.248820] smpboot: CPU0: Intel(R) Core(TM) i5-5300U CPU @ 2.30GHz (family: 0x6, model: 0x3d, stepping: 0x4)
[    0.252195] Performance Events: unsupported p6 CPU model 61 no PMU driver, software events only.
[    0.256097] Hierarchical SRCU implementation.
[    0.258357] NMI watchdog: Perf event create on CPU 0 failed with -2
[    0.260010] NMI watchdog: Perf NMI watchdog permanently disabled
[    0.264157] smp: Bringing up secondary CPUs ...
[    0.265524] x86: Booting SMP configuration:
[    0.268012] .... node  #0, CPUs:      #1
[    0.004000] kvm-clock: cpu 1, msr 2:9ff50041, secondary cpu clock
[    0.290710]  #2
[    0.004000] kvm-clock: cpu 2, msr 2:9ff50081, secondary cpu clock
[    0.296281]  #3
[    0.004000] kvm-clock: cpu 3, msr 2:9ff500c1, secondary cpu clock
[    0.312045] smp: Brought up 1 node, 4 CPUs
[    0.313078] smpboot: Max logical packages: 1
[    0.316028] smpboot: Total of 4 processors activated (18357.52 BogoMIPS)
[    0.320441] devtmpfs: initialized
[    0.321070] x86/mm: Memory block size: 128MB
[    0.325344] evm: security.selinux
[    0.328008] evm: security.SMACK64
[    0.332008] evm: security.SMACK64EXEC
[    0.333016] evm: security.SMACK64TRANSMUTE
[    0.336008] evm: security.SMACK64MMAP
[    0.340008] evm: security.apparmor
[    0.340853] evm: security.ima
[    0.341715] evm: security.capability
[    0.344190] clocksource: jiffies: mask: 0xffffffff max_cycles: 0xffffffff, max_idle_ns: 7645041785100000 ns
[    0.348023] futex hash table entries: 1024 (order: 4, 65536 bytes)
[    0.352129] pinctrl core: initialized pinctrl subsystem
[    0.356038] RTC time: 10:48:05, date: 02/25/20
[    0.366108] NET: Registered protocol family 16
[    0.367400] audit: initializing netlink subsys (disabled)
[    0.368079] audit: type=2000 audit(1582627689.418:1): state=initialized audit_enabled=0 res=1
[    0.380014] cpuidle: using governor ladder
[    0.381005] cpuidle: using governor menu
[    0.382017] ACPI: bus type PCI registered
[    0.382970] acpiphp: ACPI Hot Plug PCI Controller Driver version: 0.5
[    0.384274] PCI: Using configuration type 1 for base access
[    0.394077] HugeTLB registered 2.00 MiB page size, pre-allocated 0 pages
[    0.396157] ACPI: Added _OSI(Module Device)
[    0.400018] ACPI: Added _OSI(Processor Device)
[    0.404023] ACPI: Added _OSI(3.0 _SCP Extensions)
[    0.408008] ACPI: Added _OSI(Processor Aggregator Device)
[    0.412076] ACPI: Added _OSI(Linux-Dell-Video)
[    0.416014] ACPI: Added _OSI(Linux-Lenovo-NV-HDMI-Audio)
[    0.420011] ACPI: Added _OSI(Linux-HPI-Hybrid-Graphics)
[    0.424419] ACPI: Executed 1 blocks of module-level executable AML code
[    0.434079] ACPI: Interpreter enabled
[    0.435085] ACPI: (supports S0 S5)
[    0.436014] ACPI: Using IOAPIC for interrupt routing
[    0.440452] PCI: Using host bridge windows from ACPI; if necessary, use "pci=nocrs" and report a bug
[    0.444385] ACPI: Enabled 2 GPEs in block 00 to 07
[    0.462145] ACPI: PCI Root Bridge [PCI0] (domain 0000 [bus 00-ff])
[    0.464030] acpi PNP0A03:00: _OSC: OS supports [ASPM ClockPM Segments MSI]
[    0.468100] acpi PNP0A03:00: _OSC: not requesting OS control; OS requires [ExtendedConfig ASPM ClockPM MSI]
[    0.472037] acpi PNP0A03:00: fail to add MMCONFIG information, can't access extended PCI configuration space under this bridge.
[    0.480521] PCI host bridge to bus 0000:00
[    0.481562] pci_bus 0000:00: root bus resource [io  0x0000-0x0cf7 window]
[    0.484012] pci_bus 0000:00: root bus resource [io  0x0d00-0xffff window]
[    0.488013] pci_bus 0000:00: root bus resource [mem 0x000a0000-0x000bffff window]
[    0.489866] pci_bus 0000:00: root bus resource [mem 0xe0000000-0xfdffffff window]
[    0.492011] pci_bus 0000:00: root bus resource [bus 00-ff]
[    0.500452] pci 0000:00:01.1: legacy IDE quirk: reg 0x10: [io  0x01f0-0x01f7]
[    0.504045] pci 0000:00:01.1: legacy IDE quirk: reg 0x14: [io  0x03f6]
[    0.508013] pci 0000:00:01.1: legacy IDE quirk: reg 0x18: [io  0x0170-0x0177]
[    0.512012] pci 0000:00:01.1: legacy IDE quirk: reg 0x1c: [io  0x0376]
[    0.714335] pci 0000:00:07.0: quirk: [io  0x4000-0x403f] claimed by PIIX4 ACPI
[    0.716000] pci 0000:00:07.0: quirk: [io  0x4100-0x410f] claimed by PIIX4 SMB
[    0.852204] ACPI: PCI Interrupt Link [LNKA] (IRQs 5 9 10 *11)
[    0.900869] ACPI: PCI Interrupt Link [LNKB] (IRQs 5 9 *10 11)
[    0.924186] ACPI: PCI Interrupt Link [LNKC] (IRQs 5 *9 10 11)
[    0.924186] ACPI: PCI Interrupt Link [LNKD] (IRQs 5 9 10 *11)
[    0.928013] SCSI subsystem initialized
[    0.928122] pci 0000:00:02.0: vgaarb: setting as boot VGA device
[    0.929640] pci 0000:00:02.0: vgaarb: VGA device added: decodes=io+mem,owns=io+mem,locks=none
[    0.948018] pci 0000:00:02.0: vgaarb: bridge control possible
[    0.964009] vgaarb: loaded
[    0.964086] ACPI: bus type USB registered
[    0.965332] usbcore: registered new interface driver usbfs
[    0.980046] usbcore: registered new interface driver hub
[    0.984118] usbcore: registered new device driver usb
[    0.985820] EDAC MC: Ver: 3.0.0
[    0.988075] PCI: Using ACPI for IRQ routing
[    0.988483] NetLabel: Initializing
[    1.000011] NetLabel:  domain hash size = 128
[    1.000011] NetLabel:  protocols = UNLABELED CIPSOv4 CALIPSO
[    1.028038] NetLabel:  unlabeled traffic allowed by default
[    1.029507] clocksource: Switched to clocksource kvm-clock
[    1.064294] VFS: Disk quotas dquot_6.6.0
[    1.065110] VFS: Dquot-cache hash table entries: 512 (order 0, 4096 bytes)
[    1.066614] AppArmor: AppArmor Filesystem Enabled
[    1.074497] pnp: PnP ACPI init
[    1.076332] pnp: PnP ACPI: fod 3 devices
[    1.139061] clksource: acpi_pm: mask: 0xffffff max_cycles: 0xffffff, max_idle_ns: 2085701024 ns
[    1.198559] NET: Registered protocol family 2
[    1.199681] TCP established hash table entries: 131072 (order: 8, 1048576 bytes)
[    1.205092] TCP bind hash table entries: 65536 (order: 8, 1048576 bytes)
[    1.206873] TCP: Hash tables configured (established 131072 bind 65536)
[    1.208164] UDP hash table entries: 8192 (order: 6, 262144 bytes)
[    217757] UDP-Lite hash table entries: 8192 order: 6, 262144 bytes)
[    1.293877] NET: Registered protocol family 1
[    1.294704] pci 0000:00:00.0: Limiting direct PCI/PCI transfers
[    1.295996] pci 0000:00:01.0: Activating ISA DMA hang workarounds
[    1.297215] pci 0000:00:02.0: Video device with shadowed ROM at [mem 0x000c0000-0x000dffff]
[    1.299002] Unpacking initramfs...
[    1.781027] eeing initrd memory: 19196K
[    1.845394] PCI-DMA: Using software bounce bffering for IO (SWIOTLB)
[    1.875562] software IO TLB: mapped [mem 0xdbff0000-0xdfff0000] (64MB)
[    1.877273] clocource: tsc: mask: 0xffffffffffffffff max_cycles 0x21139d127d2, max_idle_ns: 440795239963 ns
[    1.98272] platform rtc_cmo registered platform RTC device (no PNP device found)
[    2.100906] Scanning for low memory corruption every 60 seconds

[    2.107610] Initialise system trusted keyrings
[    2.109783] Key type blacklist registered
[    2.111541] workingset: timestamp_bits=36 max_order=22 bucket_order=0
[    2.115064] zbud: loaded
[    2.117161] squashfs: version 4.0 (2009/01/31) Phillip Lougher
[    2.119392] fuse init (API version 7.26)
[    2.127025] Key type asymmetric registered
[    2.128324] Asymmetric key parser 'x509' registered
[    2.131342] Block layer SCSI generic (bsg) driver version 0.4 loaded (major 246)
[    2.142503] io scheduler noop registered
[    2.144918] io scheduler deadline registered
[    2.51566] io scheduler cfq registered (default)

[    2.205969] ACPI: AC Adapter [] (on-line)
[    2.314574] input: Power Button as /devices/LNXSYSTM:00/LNXPWR:00/input/input0
[    2.446333] ACPI: Power Button [PWRF]
[    2.47826] input: Sleep Button as /devices/LNXSYSTM:00/LNXSLPBN:00/input/input1
[    2.486945] ACPI: Sleep Button [SLPF]
[    2.561351] Serial: 8250/16550 driver, 32 ports, IRQ sharing enabled
[    2.562440] ACPI: Battery Slot [BAT0] (battery present)
[    2.600780] 00:02: ttyS0 at I/O 0x3f8 (irq = 4, base_baud = 115200) is a 16550A
[    2.605106] Linux agpgart interface v0.103
[    2.621052] loop: module loaded
[    2.637234] scsi host0: ata_piix
[    2.647548] scsi host1: ata_piix
[    2.654755] ata1: PATA max UA/33 cmd 0x1f0 ctl 0x3f6 bmdma 0xd000 irq 14
[    2.712927] ata2: PATA max UDMA/33 cmd 0x170 ctl 0x376 bmdma 0xd008 irq 15

[    2.714738] libphy: Fixed MDIO B: robe
[    2.867146] tun: Universal TUN/TAP device driver, 1.6
[    2.868567] PPP generic driver version 2.4.2
[    2.869702] ehci_hcd: USB 2.0 'Enhanced' Host Controller (EHCI) Driver
[   .878526] ehci-pci: EHCI PCI platform driver
[    2.938607] ehci-platform: EHCI generic platformriver
[    2.994358] ohci_hcd: USB 1.1 'Open' Host Controller (OHCI) Driver
[    3.005663] ohci-pci: OHCI PCI platform driver
[    3.013653] ohci-platform: OHCI generic platform driver
[    3.014954] uhci_hcd: USB Universal Host Controller Interface driver
[    3.016379] i8042: PNP: PS/2 Controller [PNP0303:PS2K,PNP0f03:PS2M] at 0x60,0x64 irq 1,12
[  3.019358] serio: i8042 KBD port at 0x60,0x64 irq 1
[    3.086019] serio: i8042 AUX port at 0x60,0x64 irq 12
[    3.087282] mousedev: PS/2 mouse device common for all mice
[  3.092076] rtc_cmos rtc_cmos: rtc core: registered rtc_cmos as rtc0
[    3.148232] input: AT Translated Set 2 keyboard as /devices/platform/i8042/serio0/input/input2
[    3.150565] rtc_cmos rtc_cmos: alarms up to one day, 114 bytes nvram
[    3.151830] i2c /dev entries driver
[    3.152663] device-mapper: uevent: version 1.0.3
[    3.153863] device-mapper: ioctl: 4.37.0-ioctl (2017-09-20) initialised: dm-devel@redhat.com

[    3.155597] ledtrig-cpu: registered to indicate activity on CPUs
[    3.158525] NET: Registered protocol family 10
[    3.168263] Segment Routing with IPv6
[    3.169207] NET: Registered protocol family 17
[    3.170176] Key type dns_resolver registered
[    3.171688] mce: Using 0 MCE banks
[    3.172581] RAS: Correctable Errors collector initialized.
[    3.173919] sched_clock: Marking stable (3172549058, 0)->(8287433509, -5114884451)
[    3.186788] registered taskstats version 1
[    3.187570] Loading compiled-in X.509 certificates
[    3.198808] Loaded X.509 cert 'Build time autogenerated kernel key: f4f7241365689b0cbe3898188e65e316fd8f978d'
[    3.225150] zswap: loaded using pool lzo/zbud
[    3.235035] Key type big_key registered
[    3.236089] Key type trusted registered
[    3.244601] Key type encrpted registered
[    3.334057] AppArmor: AppArmor sha1 policy hashing enabled
[    3.350659] ima: No TPM chip found, activating TPM-bypass! (rc=-19)
[    3.358440] ima: Allocated hash algorithm: sha1
[    3.361110] evm: HMAC attrs: 0x1
[    3.369640]   Magic number: 8:700:831
[    3.377237] rtc_cmos rtc_cmos: setting system clock to 2020-02-25 10:48:09 UTC (1582627689)
[    3.381968] BIOS EDD facility v0.16 2004-Jun-25, 0 devices found
[    3.383565] EDD information not available.
[    3.410485] Freeing unused kernel image memory: 2428K
[    3.531362] Write protecting the kernel read-only data: 20480k
[    3.915004] Freeing unused kernel image memory: 2008K
[    3.916830] Freeing unused kernel image memory: 1880K
[    3.928753] x86/mm: Checked W+X mappings: passed, no W+X pages found.
[    4.215267] x86/mm: Checking user space page tables
[    4.233614] x86/mm: Checked W+X mappings: passed, no W+X pages found.
Loading, please wait...
starting version 237
[    4.396284] e1000: Intel(R) PRO/1000 Network Driver - version 7.3.21-k8-NAPI
[    4.454187] e1000: Copyright (c) 1999-2006 Intel Corporation.
[    4.527613] Fusion MPT base driver 3.04.20
[    4.534814] Copyright (c) 1999-2008 LSI Corporation
[    4.570066] Fusion MPT SPI Host driver 3.04.20
[    4.586670] AVX2 version of gcm_enc/dec engaged.
[    4.604316] AES CTR mode by8 optimization enabled
[    4.765981] input: ImExPS/2 Generic Explorer Mouse as /devices/platform/i8042/serio1/input/input4
[    5.044213] e1000 0000:00:03.0 eth0: (PCI:33MHz:32-bit) 02:98:c1:50:7a:e3
[    5.061985] e1000 0000:00:03.0 eth0: Intel(R) PRO/1000 Network Connection
[    5.535352] e1000 0000:00:08.0 eth1: (PCI:33MHz:32-bit) 08:00:27:fe:cb:ab
[    5.547718] e1000 0000:00:08.0 eth1: Intel(R) PRO/1000 Network Connection
[    5.557749] e1000 0000:00:03.0 enp0s3: renamed from eth0
[    5.584585] mptbase: ioc0: Initiating bringup
[    5.621097] e1000 0000:00:08.0 enp0s8: renamed from eth1
[    5.681919] ioc0: LSI53C1030 A0: Capabilities={Initiator}
[    7.151194] scsi host2: ioc0: LSI53C1030 A0, FwRev=00000000h, Ports=1, MaxQ=256, IRQ=20
[    7.563052] scsi 2:0:0:0: Direct-Access     VBOX     HARDDISK         1.0  PQ: 0 ANSI: 5
[    7.952426] scsi target2:0:0: Beginning Domain Validation
[    8.003188] random: fast init done
[    8.298217] scsi target2:0:0: Domain Validation skipping write tests
[    8.316479] scsi target2:0:0: Ending Domain Validation
[    9.351307] scsi target2:0:0: asynchronous
[   10.027236] scsi 2:0:1:0: Direct-Access     VBOX     HARDDISK         1.0  PQ: 0 ANSI: 5
[   11.461553] scsi target2:0:1: Beginning Domain Validation
[   11.634367] scsi target2:0:1: Domain Validation skipping write tests
[   12.292315] scsi target2:0:1: Ending Domain Validation
[   12.293992] scsi target2:0:1: asynchronous
[   12.301880] random: systemd-udevd: uninitialized urandom read (16 bytes read)
[   12.302392] sd 2:0:0:0: [sda] 20971520 512-byte logical blocks: (10.7 GB/10.0 GiB)
[   14.094572] random: systemd-udevd: uninitialized urandom read (16 bytes read)
[   14.094966] sd 2:0:0:0: Attached scsi generic sg0 type 0
[   14.096409] sd 2:0:1:0: Attached scsi generic sg1 type 0
[   14.201261] sd 2:0:0:0: [sda] Write Protect is off
[   14.201476] sd 2:0:0:0: [sda] Incomplete mode parameter data
[   14.201478] sd 2:0:0:0: [sda] Assuming drive cache: write through
[   14.202486] sd 2:0:1:0: [sdb] 20480 512-byte logical blocks: (10.5 MB/10.0 MiB)
[   14.202982] sd 2:0:1:0: [sdb] Write Protect is off
[   14.203211] sd 2:0:1:0: [sdb] Incomplete mode parameter data
[   14.203213] sd 2:0:1:0: [sdb] Assuming drive cache: write through
[   14.204940]  sda: sda1
[   14.268097] random: systemd-udevd: uninitialized urandom read (16 bytes read)
[   14.268233] random: systemd-udevd: uninitialized urandom read (16 bytes read)
[   14.276237] sd 2:0:0:0: [sda] Attached SCSI disk
[   14.542344] sd 2:0:1:0: [sdb] Attached SCSI disk
Begin: Loading essential drivers ... [   16.200544] raid6: sse2x1   gen()  6590 MB/s
[   16.260021] raid6: sse2x1   xor()  5169 MB/s
[   16.308903] raid6: sse2x2   gen()  9648 MB/s
[   16.356321] raid6: sse2x2   xor()  5446 MB/s
[   16.424502] raid6: sse2x4   gen() 10681 MB/s
[   16.478368] raid6: sse2x4   xor()  5558 MB/s
[   16.528275] raid6: avx2x1   gen() 15068 MB/s
[   16.576157] raid6: avx2x1   xor()  8965 MB/s
[   16.624264] raid6: avx2x2   gen() 18027 MB/s
[   16.672720] raid6: avx2x2   xor()  8509 MB/s
[   16.720403] raid6: avx2x4   gen() 20642 MB/s
[   16.768087] raid6: avx2x4   xor() 12805 MB/s
[   16.775276] raid6: using algorithm avx2x4 gen() 20642 MB/s
[   16.787908] raid6: .... xor() 12805 MB/s, rmw enabled
[   16.795814] raid6: using avx2x2 recovery algorithm
[   16.806509] xor: automatically using best checksumming function   avx       
[   16.809711] async_tx: api initialized (async)
done.
Begin: Running /scripts/init-premount ... done.
Begin: Mounting root file system ... Begin: Running /scripts/local-top ... done.
Begin: Running /scripts/local-pr[   16.905517] Btrfs loaded, crc32c=crc32c-intel
emount ... Scanning for Btrfs filesystems
done.
Warning: fsck not present, so skipping root file system
[   16.974102] EXT4-fs (sda1): INFO: recovery required on readonly filesystem
[   16.983709] EXT4-fs (sda1): write access will be enabled during recovery
[   17.240354] EXT4-fs (sda1): orphan cleanup on readonly fs
[   17.250576] EXT4-fs (sda1): 2 orphan inodes deleted
[   17.277121] EXT4-fs (sda1): recovery complete
[   17.283928] EXT4-fs (sda1): mounted filesystem with ordered data mode. Opts: (null)
done.
Begin: Running /scripts/local-bottom ... done.
Begin: Running /scripts/init-bottom ... done.
[   17.617289] ip_tables: (C) 2000-2006 Netfilter Core Team
[   17.627696] systemd[1]: systemd 237 running in system mode. (+PAM +AUDIT +SELINUX +IMA +APPARMOR +SMACK +SYSVINIT +UTMP +LIBCRYPTSETUP +GCRYPT +GNUTLS +ACL +XZ +LZ4 +SECCOMP +BLKID +ELFUTILS +KMOD -IDN2 +IDN -PCRE2 default-hierarchy=hybrid)
[   18.016805] systemd[1]: Detected virtualization oracle.
[   18.018088] systemd[1]: Detected architecture x86-64.

Welcome to [1mUbuntu 18.04.3 LTS[0m!

[   18.237748] systemd[1]: Set hostname to <ubuntuvm01>.
[   18.868449] systemd[1]: Created slice System Slice.
[[0;32m  OK  [0m] Created slice System Slice.
[   19.007302] systemd[1]: Listening on LVM2 metadata daemon socket.
[[0;32m  OK  [0m] Listening on LVM2 metadata daemon socket.
[   19.037205] systemd[1]: Reached target User and Group Name Lookups.
[[0;32m  OK  [0m] Reached target User and Group Name Lookups.
[   19.047608] systemd[1]: Created slice system-serial\x2dgetty.slice.
[[0;32m  OK  [0m] Created slice system-serial\x2dgetty.slice.
[   19.050553] systemd[1]: Listening on Syslog Socket.
[[0;32m  OK  [0m] Listening on Syslog Socket.
[   19.054325] systemd[1]: Listening on LVM2 poll daemon socket.
[[0;32m  OK  [0m] Listening on LVM2 poll daemon socket.
[[0;32m  OK  [0m] Listening on udev Control Socket.
[[0;32m  OK  [0m] Started Forward Password Requests to Wall Directory Watch.
[[0;32m  OK  [0m] Listening on Device-mapper event daemon FIFOs.
[[0;32m  OK  [0m] Listening on Journal Audit Socket.
[[0;32m  OK  [0m] Listening on /dev/initctl Compatibility Named Pipe.
[[0;32m  OK  [0m] Reached target Swap.
[[0;32m  OK  [0m] Created slice User and Session Slice.
[[0;32m  OK  [0m] Reached target System Time Synchronized.
[[0;32m  OK  [0m] Reached target Slices.
[[0;32m  OK  [0m] Listening on udev Kernel Socket.
[[0;32m  OK  [0m] Set up automount Arbitrary Executab…rmats File System Automount Point.
[[0;32m  OK  [0m] Listening on Journal Socket.
         Starting Uncomplicated firewall...
         Mountin[   19.213169] random: crng init done
[   19.221172] random: 6 urandom warning(s) missed due to ratelimiting
g POSIX Message Queue File System...
         Mounting Huge Pages File System...
         Starting Load Kernel Mo[   19.326308] Loading iSCSI transport class v2.0-870.
dules...
         Starting Set the console keyboard layout...
[   19.508551] iscsi: registered transport (tcp)
         Mounting Kernel Debug F[   19.561478] iscsi: registered transport (iser)
ile System...
         Starting Remount Root a[   19.646345] EXT4-fs (sda1): re-mounted. Opts: (null)
nd Kernel File Systems...
         Starting Create list of required st…ce nodes for the current kernel...
         Starting Monitoring of LVM2 mirrors…ng dmeventd or progress polling...
         Starting udev Coldplug all Devices...
[[0;32m  OK  [0m] Listening on Journal Socket (/dev/log).
         Starting Journal Service...
[[0;32m  OK  [0m] Listening on Network Service Netlink Socket.
[[0;32m  OK  [0m] Started Uncomplicated firewall.
[[0;32m  OK  [0m] Mounted POSIX Message Queue File System.
[[0;32m  OK  [0m] Mounted Huge Pages File System.
[[0;32m  OK  [0m] Started Journal Service.
[[0;32m  OK  [0m] Started Load Kernel Modules.
[[0;32m  OK  [0m] Mounted Kernel Debug File System.
[[0;32m  OK  [0m] Started Remount Root and Kernel File Systems.
[[0;32m  OK  [0m] Started Create list of required sta…vice nodes for the current kernel.
[[0;32m  OK  [0m] Started LVM2 metadata daemon.
         Starting Create Static Device Nodes in /dev...
         Starting Load/Save Random Seed...
         Starting Apply Kernel Variables...
         Mounting Kernel Configuration File System...
         Mounting FUSE Control File System...
         Starting Flush Journal to Persistent Storage...
[[0;32m  OK  [0m] Started Monitoring of LVM2 mirrors,…sing dmeventd or progress polling.
[[0;32m  OK  [0m] Started udev Coldplug all Devices.
[[0;32m  OK  [0m] Started Create Static Device Nodes in /dev.
[[0;32m  OK  [0m] Started Load/Save Random Seed.
[[0;32m  OK  [0m] Started Apply Kernel Variables.
[[0;32m  OK  [0m] Mounted Kernel Configuration File System.
[[0;32m  OK  [0m] Mounted FUSE Control File System.
         Starting udev Kernel Device Manager...
[[0;32m  OK  [0m] Started udev Kernel Device Manager.
[[0;32m  OK  [0m] Started Flush Journal to Persistent Storage.
[[0;32m  OK  [0m] Found device /dev/ttyS0.
[[0;32m  OK  [0m] Started Set the console keyboard layout.
[[0;32m  OK  [0m] Started Dispatch Password Requests to Console Directory Watch.
[[0;32m  OK  [0m] Reached target Local Encrypted Volumes.
[[0;32m  OK  [0m] Reached target Local File Systems (Pre).
[[0;32m  OK  [0m] Reached target Local File Systems.
         Starting Create Volatile Files and Directories...
         Starting AppArmor initialization...
         Starting Set console font and keymap...
         Starting ebtables ruleset management...
         Starting Tell Plymouth To Write Out Runtime Data...
[[0;32m  OK  [0m] Started Create Volatile Files and Directories.
[[0;32m  OK  [0m] Started Set console font and keymap.
[[0;32m  OK  [0m] Started Tell Plymouth To Write Out Runtime Data.
[[0;32m  OK  [0m] Listening on Load/Save RF Kill Switch Status /dev/rfkill Watch.
         Starting Update UTMP about System Boot/Shutdown...
[[0;32m  OK  [0m] Started ebtables ruleset management.
[[0;32m  OK  [0m] Started Update UTMP about System Boot/Shutdown.
[[0;32m  OK  [0m] Started AppArmor initialization.
         Starting Initial cloud-init job (pre-networking)...
[   25.025419] cloud-init[668]: Cloud-init v. 19.2-36-g059d049c-0ubuntu2~18.04.1 running 'init-local' at Tue, 25 Feb 2020 10:48:30 +0000. Up 24.60 seconds.
[[0;32m  OK  [0m] Started Initial cloud-init job (pre-networking).
[[0;32m  OK  [0m] Reached target Network (Pre).
         Starting Network Service...
[[0;32m  OK  [0m] Started Network Service.
         Starting Network Name Resolution...
         Starting Wait for Network to be Configured...
[[0;32m  OK  [0m] Started Network Name Resolution.
[[0;32m  OK  [0m] Reached target Host and Network Name Lookups.
[[0;32m  OK  [0m] Reached target Network.
[[0;32m  OK  [0m] Started Wait for Network to be Configured.
         Starting Initial cloud-init job (metadata service crawler)...
[   27.401278] cloud-init[779]: Cloud-init v. 19.2-36-g059d049c-0ubuntu2~18.04.1 running 'init' at Tue, 25 Feb 2020 10:48:33 +0000. Up 27.16 seconds.
[   27.468653] cloud-init[779]: ci-info: ++++++++++++++++++++++++++++++++++++++Net device info+++++++++++++++++++++++++++++++++++++++
[   27.472899] cloud-init[779]: ci-info: +--------+------+-----------------------------+---------------+--------+-------------------+
[   27.517200] cloud-init[779]: ci-info: | Device |  Up  |           Address           |      Mask     | Scope  |     Hw-Address    |
[   27.541123] cloud-init[779]: ci-info: +--------+------+-----------------------------+---------------+--------+-------------------+
[   27.688752] cloud-init[779]: ci-info: | enp0s3 | True |          10.0.2.15          | 255.255.255.0 | global | 02:98:c1:50:7a:e3 |
[   27.829804] cloud-init[779]: ci-info: | enp0s3 | True |  fe80::98:c1ff:fe50:7ae3/64 |       .       |  link  | 02:98:c1:50:7a:e3 |
[[0;32m  OK  [0m] Started Initial cloud-init job (metadata service crawler).
[   27.967791] cloud-init[779]: ci-info: | enp0s8 | True |        172.42.42.101        | 255.255.255.0 | global | 08:00:27:fe:cb:ab |
[[0;32m  OK  [0m] Reached target Cloud-config availability.
[   28.043722] cloud-init[779]: ci-info: | enp0s8 | True | fe80::a00:27ff:fefe:cbab/64 |       .       |  link  | 08:00:27:fe:cb:ab |
[[0;32m  OK  [0m] Reached target System Initialization.
[[0;32m  OK  [0m] Started Daily apt download activities.
[   28.147152] cloud-init[779]: ci-info: |   lo   | True |          127.0.0.1          |   255.0.0.0   |  host  |         .         |
[   28.260430] cloud-init[779]: ci-info: |   lo   | True |           ::1/128           |       .       |  host  |         .         |
[[0;32m  OK  [0m] Started Daily apt upgrade and clean activities.
[   28.302416] cloud-init[779]: ci-info: +--------+------+-----------------------------+---------------+--------+-------------------+
[[0;32m  OK  [0m] Started ACPI Events Check.
[   28.338326] cloud-init[779]: ci-info: ++++++++++++++++++++++++++++Route IPv4 info+++++++++++++++++++++++++++++
[[0;32m  OK  [0m] Listening on Open-iSCSI iscsid Socket.
[   28.364525] cloud-init[[779]: [0;32m  OK  [0mci-info: +-------+-------------+----------+-----------------+-----------+-------+] 
Listening on ACPID Listen Socket.
[[0;32m  OK  [0m] Listening on UUID daemon activation socket.
[   28.470718] cloud-init[779]: ci-info: | Route | Destination | Gateway  |     Genmask     | Interface | Flags |[
[0;32m  OK  [0m] Reached target Paths.
         [   28.559975] cloud-init[779]: ci-info: +-------+-------------+----------+-----------------+-----------+-------+
Starting LXD - unix socket.
[   28.560162] cloud-init[779]: ci-info: |   0   |   0.0.0.0   | 10.0.2.2 |     0.0.0.0     |   enp0s3  |   UG  |
         Starting Socket activation for snappy daemon.
[   28.629382] cloud-init[779]: ci-info: |   1   |   10.0.2.0  | 0.0.0.0  |  255.255.255.0  |   enp0s3  |   U   |
[[0;32m  OK  [0m] Listening on D-Bus System Message Bus Socket.
[   28.691090] cloud-init[779]: ci-info: |   2   |   10.0.2.2  | 0.0.0.0  | 255.255.255.255 |   enp0s3  |   UH  |
[[0;32m  OK  [0m] Started Discard unused blocks once a week.
[   28.803431] cloud-init[779]: ci-info: |   3   | 172.42.42.0 | 0.0.0.0  |  255.255.255.0  |   enp0s8  |   U   |
[[0;32m  OK  [0m] Started Message of the Day.
[[   28.811055] [0;32m  OK  [0mcloud-init] [779]: Started Daily Cleanup of Temporary Directories.ci-info: +-------+-------------+----------+-----------------+-----------+-------+

[[0;32m  OK  [0m] Reached target Timers.
[   28.933650] cloud-init[779]: ci-info: +++++++++++++++++++Route IPv6 info+++++++++++++++++++
[[0;32m  OK  [0m] Reached target Network is Online.
         Starting Availability of block devices...
[   28.975268] cloud-init[779]: ci-info: +-------+-------------+---------+-----------+-------+
[[0;32m  OK  [0m] Reached target Remote File Systems (Pre).
[   28.992787] cloud-init[779]: ci-info: | Route | Destination | Gateway | Interface | Flags |
[[0;32m  OK  [0m] Reached target Remote File Systems.
[   29.018710] cloud-init[[779]: [0;32m  OK  [0mci-info: +-------+-------------+---------+-----------+-------+] 
Listening on LXD - unix socket.
[[0;32m  OK  [0m] Listening on Socket activation for snappy daemon.
[   29.038653] cloud-init[779]: ci-info: |   1   |  fe80::/64  |    ::   |   enp0s8  |   U   |
[[0;32m  OK  [0m] Started Availability of block devices.
[   29.104344] cloud-init[779]: ci-info: |   2   |  fe80::/64  |    ::   |   enp0s3  |   U   |
[[0;32m  OK  [0m] Reached target Sockets.
[   29.236171] cloud-init[779]: ci-info: |   4   |    local    |    ::   |   enp0s3  |   U   |[
[0;32m  OK  [0m] Reached target Basic System.
         Starting LSB: automatic crash report generation...
[   29.364000] cloud-init[779]: ci-info: |   5   |    local    |    ::   |   enp0s8  |   U   |
         Starting Discard unused blocks...[   29.444093] 
cloud-init[779]: ci-info: |   6   |   ff00::/8  |    ::   |   enp0s8  |   U   |
         Starting Dispatcher daemon for systemd-networkd...
[   29.522447] cloud-init[779]: ci-info: |   7   |   ff00::/8  |    ::   |   enp0s3  |   U   |
         Starting Message of the Day...
[   29.605869] cloud-init[779]: ci-info: +-------+-------------+---------+-----------+-------+
         Starting Accounts Service...
[[0;32m  OK  [0m] Started Deferred execution scheduler.
[[0;32m  OK  [0m] Started irqbalance daemon.
[[0;32m  OK  [0m] Started Regular background program processing daemon.
         Starting Login Service...
         Starting System Logging Service...
         Starting Virtualbox guest utils...
         Starting LSB: Record successful boot for GRUB...
         Starting Permit User Sessions...
         Starting Snappy daemon...
[[0;32m  OK  [0m] Started D-Bus System Message Bus.
[[0;32m  OK  [0m] Started Login Service.
[[0;32m  OK  [0m] Started Unattended Upgrades Shutdown.
[[0;32m  OK  [0m] Started FUSE filesystem for LXC.
         Starting OpenBSD Secure Shell server...
         Starting LXD - container startup/shutdown...
[[0;32m  OK  [0m] Started System Logging Service.
[[0;32m  OK  [0m] Started Dispatcher daemon for systemd-networkd.
[[0;32m  OK  [0m] Started Discard unused blocks.
[[0;32m  OK  [0m] Started Permit User Sessions.
         Starting Authorization Manager...
         Starting Hold until boot process finishes up...
         Starting Terminate Plymouth Boot Screen...
[[0;32m  OK  [0m] Started Hold until boot process finishes up.
[[0;32m  OK  [0m] Started Terminate Plymouth Boot Screen.
[[0;32m  OK  [0m] Started OpenBSD Secure Shell server.
[[0;32m  OK  [0m] Started LSB: automatic crash report generation.
         Starting Set console scheme...
[[0;32m  OK  [0m] Started Serial Getty on ttyS0.
[[0;32m  OK  [0m] Started LSB: Record successful boot for GRUB.
[[0;32m  OK  [0m] Started Set console scheme.
[[0;32m  OK  [0m] Started Authorization Manager.
[[0;32m  OK  [0m] Started Virtualbox guest utils.
[[0;32m  OK  [0m] Started Accounts Service.
[[0;32m  OK  [0m] Created slice system-getty.slice.
[[0;32m  OK  [0m] Started Getty on tty1.
[[0;32m  OK  [0m] Reached target Login Prompts.
[[0;32m  OK  [0m] Started LXD - container startup/shutdown.
[[0;32m  OK  [0m] Started Snappy daemon.
         Starting Wait until snapd is fully seeded...
[[0;32m  OK  [0m] Started Wait until snapd is fully seeded.
         Starting Apply the settings specified in cloud-config...
[[0;32m  OK  [0m] Reached target Multi-User System.
[[0;32m  OK  [0m] Reached target Graphical Interface.
         Starting Update UTMP about System Runlevel Changes...
[[0;32m  OK  [0m] Started Update UTMP about System Runlevel Changes.
[[0;32m  OK  [0m] Created slice User Slice of vagrant.
         Starting User Manager for UID 1000...
[[0;32m  OK  [0m] Started Session 1 of user vagrant.
[[0;32m  OK  [0m] Started Message of the Day.
[[0;32m  OK  [0m] Started User Manager for UID 1000.
[   33.912745] cloud-init[1336]: Cloud-init v. 19.2-36-g059d049c-0ubuntu2~18.04.1 running 'modules:config' at Tue, 25 Feb 2020 10:48:39 +0000. Up 33.65 seconds.
[[0;32m  OK  [0m] Started Apply the settings specified in cloud-config.
         Starting Execute cloud user/final scripts...
[   35.570839] cloud-init[1478]: Cloud-init v. 19.2-36-g059d049c-0ubuntu2~18.04.1 running 'modules:final' at Tue, 25 Feb 2020 10:48:41 +0000. Up 35.06 seconds.
[   35.693577] cloud-init[1478]: Cloud-init v. 19.2-36-g059d049c-0ubuntu2~18.04.1 finished at Tue, 25 Feb 2020 10:48:41 +0000. Datasource DataSourceNoCloud [seed=/dev/sdb][dsmode=net].  Up 35.54 seconds
[[0;32m  OK  [0m] Started Execute cloud user/final scripts.
[[0;32m  OK  [0m] Reached target Cloud-init target.
         Starting Daily apt download activities...

Ubuntu 18.04.3 LTS ubuntuvm01 ttyS0

ubuntuvm01 login:          Starting LXD - main daemon...
         Mounting Arbitrary Executable File Formats File System...
[[0;32m  OK  [0m] Mounted Arbitrary Executable File Formats File System.
[[0;32m  OK  [0m] Started LXD - main daemon.
         Stopping udev Kernel Device Manager...
[[0;32m  OK  [0m] Stopped udev Kernel Device Manager.
         Starting udev Kernel Device Manager...
[[0;32m  OK  [0m] Started udev Kernel Device Manager.
         Stopping Network Service...
[[0;32m  OK  [0m] Stopped Network Service.
         Starting Network Service...
[[0;32m  OK  [0m] Started Network Service.
         Stopping Network Name Resolution...
[[0;32m  OK  [0m] Stopped Network Name Resolution.
         Starting Network Name Resolution...
[[0;32m  OK  [0m] Started Network Name Resolution.
[[0;32m  OK  [0m] Stopped Flush Journal to Persistent Storage.
         Stopping Flush Journal to Persistent Storage...
         Stopping Journal Service...
[[0;32m  OK  [0m] Stopped Journal Service.
         Starting Journal Service...
[[0;32m  OK  [0m] Started Journal Service.
         Starting Flush Journal to Persistent Storage...
[[0;32m  OK  [0m] Started Flush Journal to Persistent Storage.
[[0;32m  OK  [0m] Started Daily apt upgrade and clean activities.
